[0.000000] (-) TimerEvent: {}
[0.003848] (py_pubsub) JobQueued: {'identifier': 'py_pubsub', 'dependencies': OrderedDict()}
[0.004781] (py_pubsub) JobStarted: {'identifier': 'py_pubsub'}
[0.098272] (-) TimerEvent: {}
[0.202372] (-) TimerEvent: {}
[0.304120] (-) TimerEvent: {}
[0.405720] (-) TimerEvent: {}
[0.507388] (-) TimerEvent: {}
[0.608643] (-) TimerEvent: {}
[0.713265] (-) TimerEvent: {}
[0.814901] (-) TimerEvent: {}
[0.916369] (-) TimerEvent: {}
[1.017889] (-) TimerEvent: {}
[1.119380] (-) TimerEvent: {}
[1.221092] (-) TimerEvent: {}
[1.322554] (-) TimerEvent: {}
[1.424901] (-) TimerEvent: {}
[1.526588] (-) TimerEvent: {}
[1.628385] (-) TimerEvent: {}
[1.731295] (-) TimerEvent: {}
[1.836923] (-) TimerEvent: {}
[1.940371] (-) TimerEvent: {}
[2.043395] (-) TimerEvent: {}
[2.145321] (-) TimerEvent: {}
[2.246985] (-) TimerEvent: {}
[2.348336] (-) TimerEvent: {}
[2.449972] (-) TimerEvent: {}
[2.555017] (-) TimerEvent: {}
[2.657538] (-) TimerEvent: {}
[2.759436] (-) TimerEvent: {}
[2.867800] (-) TimerEvent: {}
[2.980690] (-) TimerEvent: {}
[3.082778] (-) TimerEvent: {}
[3.185869] (-) TimerEvent: {}
[3.242646] (py_pubsub) Command: {'cmd': ['/usr/bin/python3', 'setup.py', 'egg_info', '--egg-base', '../../build/py_pubsub', 'build', '--build-base', '/home/amyk/Dropbox/UW-Madison/ME468/ME468-3439/assignments/a07/build/py_pubsub/build', 'install', '--prefix', '/home/amyk/Dropbox/UW-Madison/ME468/ME468-3439/assignments/a07/install/py_pubsub', '--record', '/home/amyk/Dropbox/UW-Madison/ME468/ME468-3439/assignments/a07/build/py_pubsub/install.log', '--single-version-externally-managed'], 'cwd': '/home/amyk/Dropbox/UW-Madison/ME468/ME468-3439/assignments/a07/Assignment07/py_pubsub', 'env': {'NV_LIBCUBLAS_VERSION': '11.4.2.10064-1', 'CHRONO_DATA_DIR': '/home/me468/chrono/build/data/', 'NV_CUDA_COMPAT_PACKAGE': 'cuda-compat-11-3', 'HOSTNAME': '6e5bcb3976d0', 'SHLVL': '2', 'LD_LIBRARY_PATH': '/home/me468/autonomy_stack/install/custom_msgs/lib:/opt/ros/galactic/opt/yaml_cpp_vendor/lib:/opt/ros/galactic/lib/x86_64-linux-gnu:/opt/ros/galactic/lib:/lib/x86_64-linux-gnu:/usr/local/nvidia/lib:/usr/local/nvidia/lib64:/home/me468/chrono/build/lib', 'NV_LIBNCCL_PACKAGE_VERSION': '2.9.6-1', 'HOME': '/home/amyk', 'OLDPWD': '/', 'ROS_PYTHON_VERSION': '3', 'LC_CTYPE': 'C.UTF-8', 'NV_LIBNPP_PACKAGE': 'libnpp-11-3=11.3.3.44-1', 'CUDA_VERSION': '11.3.0', 'DISPLAY_HEIGHT': '768', 'COLCON_PREFIX_PATH': '/home/me468/autonomy_stack/install', 'ROS_DISTRO': 'galactic', 'NV_LIBCUBLAS_PACKAGE_NAME': 'libcublas-11-3', 'NVIDIA_REQUIRE_CUDA': 'cuda>=11.3 brand=tesla,driver>=418,driver<419 brand=tesla,driver>=440,driver<441 driver>=450', '_': '/usr/bin/colcon', 'ROS_VERSION': '2', 'NV_LIBCUSPARSE_VERSION': '11.5.0.58-1', 'NVIDIA_DRIVER_CAPABILITIES': 'compute,utility', 'NV_CUDA_LIB_VERSION': '11.3.0-1', 'NV_LIBNCCL_PACKAGE_NAME': 'libnccl2', 'TERM': 'xterm', 'NV_CUDA_CUDART_VERSION': '11.3.58-1', 'ROS_LOCALHOST_ONLY': '0', 'PATH': '/opt/ros/galactic/bin:/usr/local/nvidia/bin:/usr/local/cuda/bin:/usr/local/sbin:/usr/local/bin:/usr/sbin:/usr/bin:/sbin:/bin', 'NV_LIBCUBLAS_PACKAGE': 'libcublas-11-3=11.4.2.10064-1', 'NVARCH': 'x86_64', 'DISPLAY': ':0.0', 'NV_LIBNCCL_PACKAGE': 'libnccl2=2.9.6-1+cuda11.3', 'NV_ML_REPO_URL': 'https://developer.download.nvidia.com/compute/machine-learning/repos/ubuntu2004/x86_64', 'AMENT_PREFIX_PATH': '/home/me468/autonomy_stack/install/control_stack:/home/me468/autonomy_stack/install/custom_msgs:/opt/ros/galactic', 'NV_NVTX_VERSION': '11.3.58-1', 'NV_LIBNPP_VERSION': '11.3.3.44-1', 'PWD': '/home/amyk/Dropbox/UW-Madison/ME468/ME468-3439/assignments/a07/build/py_pubsub', 'DISPLAY_WIDTH': '1024', 'PYTHONPATH': '/home/amyk/Dropbox/UW-Madison/ME468/ME468-3439/assignments/a07/install/py_pubsub/lib/python3.8/site-packages:/home/me468/autonomy_stack/install/control_stack/lib/python3.8/site-packages:/home/me468/autonomy_stack/install/custom_msgs/lib/python3.8/site-packages:/opt/ros/galactic/lib/python3.8/site-packages::/home/me468/chrono/build/bin', 'NVIDIA_VISIBLE_DEVICES': 'all', 'NCCL_VERSION': '2.9.6-1', 'COLCON': '1', 'NV_ML_REPO_ENABLED': '1', 'CMAKE_PREFIX_PATH': '/home/me468/autonomy_stack/install/custom_msgs'}, 'shell': False}
[3.286125] (-) TimerEvent: {}
[3.387435] (-) TimerEvent: {}
[3.489291] (-) TimerEvent: {}
[3.592321] (-) TimerEvent: {}
[3.694523] (-) TimerEvent: {}
[3.797042] (-) TimerEvent: {}
[3.900082] (-) TimerEvent: {}
[3.905854] (py_pubsub) StdoutLine: {'line': b'running egg_info\n'}
[3.913051] (py_pubsub) StdoutLine: {'line': b'writing ../../build/py_pubsub/py_pubsub.egg-info/PKG-INFO\n'}
[3.925673] (py_pubsub) StdoutLine: {'line': b'writing dependency_links to ../../build/py_pubsub/py_pubsub.egg-info/dependency_links.txt\n'}
[3.936125] (py_pubsub) StdoutLine: {'line': b'writing entry points to ../../build/py_pubsub/py_pubsub.egg-info/entry_points.txt\n'}
[3.945952] (py_pubsub) StdoutLine: {'line': b'writing requirements to ../../build/py_pubsub/py_pubsub.egg-info/requires.txt\n'}
[3.955918] (py_pubsub) StdoutLine: {'line': b'writing top-level names to ../../build/py_pubsub/py_pubsub.egg-info/top_level.txt\n'}
[4.001026] (-) TimerEvent: {}
[4.104046] (-) TimerEvent: {}
[4.120645] (py_pubsub) StdoutLine: {'line': b"reading manifest file '../../build/py_pubsub/py_pubsub.egg-info/SOURCES.txt'\n"}
[4.141834] (py_pubsub) StdoutLine: {'line': b"writing manifest file '../../build/py_pubsub/py_pubsub.egg-info/SOURCES.txt'\n"}
[4.148587] (py_pubsub) StdoutLine: {'line': b'running build\n'}
[4.157169] (py_pubsub) StdoutLine: {'line': b'running build_py\n'}
[4.166920] (py_pubsub) StdoutLine: {'line': b'running install\n'}
[4.177336] (py_pubsub) StdoutLine: {'line': b'running install_lib\n'}
[4.189799] (py_pubsub) StdoutLine: {'line': b'running install_data\n'}
[4.203894] (py_pubsub) StdoutLine: {'line': b'running install_egg_info\n'}
[4.210562] (-) TimerEvent: {}
[4.214375] (py_pubsub) StdoutLine: {'line': b"removing '/home/amyk/Dropbox/UW-Madison/ME468/ME468-3439/assignments/a07/install/py_pubsub/lib/python3.8/site-packages/py_pubsub-0.0.0-py3.8.egg-info' (and everything under it)\n"}
[4.232165] (py_pubsub) StdoutLine: {'line': b'Copying ../../build/py_pubsub/py_pubsub.egg-info to /home/amyk/Dropbox/UW-Madison/ME468/ME468-3439/assignments/a07/install/py_pubsub/lib/python3.8/site-packages/py_pubsub-0.0.0-py3.8.egg-info\n'}
[4.310970] (-) TimerEvent: {}
[4.415370] (-) TimerEvent: {}
[4.491974] (py_pubsub) StdoutLine: {'line': b'running install_scripts\n'}
[4.515651] (-) TimerEvent: {}
[4.550032] (py_pubsub) StdoutLine: {'line': b'Installing listener script to /home/amyk/Dropbox/UW-Madison/ME468/ME468-3439/assignments/a07/install/py_pubsub/lib/py_pubsub\n'}
[4.569668] (py_pubsub) StdoutLine: {'line': b'Installing talker script to /home/amyk/Dropbox/UW-Madison/ME468/ME468-3439/assignments/a07/install/py_pubsub/lib/py_pubsub\n'}
[4.606582] (py_pubsub) StdoutLine: {'line': b"writing list of installed files to '/home/amyk/Dropbox/UW-Madison/ME468/ME468-3439/assignments/a07/build/py_pubsub/install.log'\n"}
[4.627126] (-) TimerEvent: {}
[4.658731] (py_pubsub) CommandEnded: {'returncode': 0}
[4.782059] (-) TimerEvent: {}
[4.956088] (-) TimerEvent: {}
[5.124976] (-) TimerEvent: {}
[5.236582] (-) TimerEvent: {}
[5.346109] (-) TimerEvent: {}
[5.458977] (-) TimerEvent: {}
[5.567328] (-) TimerEvent: {}
[5.630158] (py_pubsub) JobEnded: {'identifier': 'py_pubsub', 'rc': 0}
[5.739312] (-) TimerEvent: {}
[5.752614] (-) EventReactorShutdown: {}
