[0.000000] (-) TimerEvent: {}
[0.003466] (py_pubsub) JobQueued: {'identifier': 'py_pubsub', 'dependencies': OrderedDict()}
[0.005545] (py_pubsub) JobStarted: {'identifier': 'py_pubsub'}
[0.092316] (-) TimerEvent: {}
[0.208921] (-) TimerEvent: {}
[0.310128] (-) TimerEvent: {}
[0.411342] (-) TimerEvent: {}
[0.513174] (-) TimerEvent: {}
[0.619186] (-) TimerEvent: {}
[0.724051] (-) TimerEvent: {}
[0.826637] (-) TimerEvent: {}
[0.929457] (-) TimerEvent: {}
[1.030987] (-) TimerEvent: {}
[1.135824] (-) TimerEvent: {}
[1.241152] (-) TimerEvent: {}
[1.342444] (-) TimerEvent: {}
[1.444480] (-) TimerEvent: {}
[1.546728] (-) TimerEvent: {}
[1.648833] (-) TimerEvent: {}
[1.753237] (-) TimerEvent: {}
[1.872628] (-) TimerEvent: {}
[1.975237] (-) TimerEvent: {}
[2.077388] (-) TimerEvent: {}
[2.180145] (-) TimerEvent: {}
[2.282860] (-) TimerEvent: {}
[2.392145] (-) TimerEvent: {}
[2.493561] (-) TimerEvent: {}
[2.595281] (-) TimerEvent: {}
[2.685538] (py_pubsub) Command: {'cmd': ['/usr/bin/python3', 'setup.py', 'egg_info', '--egg-base', '../build/py_pubsub', 'build', '--build-base', '/home/amyk/Dropbox/UW-Madison/ME468/ME468-3439/assignments/a07/Assignment07/build/py_pubsub/build', 'install', '--prefix', '/home/amyk/Dropbox/UW-Madison/ME468/ME468-3439/assignments/a07/Assignment07/install/py_pubsub', '--record', '/home/amyk/Dropbox/UW-Madison/ME468/ME468-3439/assignments/a07/Assignment07/build/py_pubsub/install.log', '--single-version-externally-managed'], 'cwd': '/home/amyk/Dropbox/UW-Madison/ME468/ME468-3439/assignments/a07/Assignment07/py_pubsub', 'env': {'NV_LIBCUBLAS_VERSION': '11.4.2.10064-1', 'CHRONO_DATA_DIR': '/home/me468/chrono/build/data/', 'NV_CUDA_COMPAT_PACKAGE': 'cuda-compat-11-3', 'HOSTNAME': '829a84a5556f', 'SHLVL': '2', 'LD_LIBRARY_PATH': '/home/me468/autonomy_stack/install/custom_msgs/lib:/opt/ros/galactic/opt/yaml_cpp_vendor/lib:/opt/ros/galactic/lib/x86_64-linux-gnu:/opt/ros/galactic/lib:/lib/x86_64-linux-gnu:/usr/local/nvidia/lib:/usr/local/nvidia/lib64:/home/me468/chrono/build/lib', 'NV_LIBNCCL_PACKAGE_VERSION': '2.9.6-1', 'HOME': '/home/amyk', 'OLDPWD': '/home/amyk/Dropbox/UW-Madison/ME468/ME468-3439/assignments/a07', 'ROS_PYTHON_VERSION': '3', 'LC_CTYPE': 'C.UTF-8', 'NV_LIBNPP_PACKAGE': 'libnpp-11-3=11.3.3.44-1', 'CUDA_VERSION': '11.3.0', 'DISPLAY_HEIGHT': '768', 'COLCON_PREFIX_PATH': '/home/amyk/Dropbox/UW-Madison/ME468/ME468-3439/assignments/a07/Assignment07/install:/home/me468/autonomy_stack/install', 'ROS_DISTRO': 'galactic', 'NV_LIBCUBLAS_PACKAGE_NAME': 'libcublas-11-3', 'NVIDIA_REQUIRE_CUDA': 'cuda>=11.3 brand=tesla,driver>=418,driver<419 brand=tesla,driver>=440,driver<441 driver>=450', '_': '/usr/bin/colcon', 'ROS_VERSION': '2', 'NV_LIBCUSPARSE_VERSION': '11.5.0.58-1', 'NVIDIA_DRIVER_CAPABILITIES': 'compute,utility', 'NV_CUDA_LIB_VERSION': '11.3.0-1', 'NV_LIBNCCL_PACKAGE_NAME': 'libnccl2', 'TERM': 'xterm', 'NV_CUDA_CUDART_VERSION': '11.3.58-1', 'ROS_LOCALHOST_ONLY': '0', 'PATH': '/opt/ros/galactic/bin:/usr/local/nvidia/bin:/usr/local/cuda/bin:/usr/local/sbin:/usr/local/bin:/usr/sbin:/usr/bin:/sbin:/bin', 'NV_LIBCUBLAS_PACKAGE': 'libcublas-11-3=11.4.2.10064-1', 'NVARCH': 'x86_64', 'DISPLAY': ':0.0', 'NV_LIBNCCL_PACKAGE': 'libnccl2=2.9.6-1+cuda11.3', 'NV_ML_REPO_URL': 'https://developer.download.nvidia.com/compute/machine-learning/repos/ubuntu2004/x86_64', 'AMENT_PREFIX_PATH': '/home/amyk/Dropbox/UW-Madison/ME468/ME468-3439/assignments/a07/Assignment07/install/py_pubsub:/home/me468/autonomy_stack/install/control_stack:/home/me468/autonomy_stack/install/custom_msgs:/opt/ros/galactic', 'NV_NVTX_VERSION': '11.3.58-1', 'NV_LIBNPP_VERSION': '11.3.3.44-1', 'PWD': '/home/amyk/Dropbox/UW-Madison/ME468/ME468-3439/assignments/a07/Assignment07/build/py_pubsub', 'DISPLAY_WIDTH': '1024', 'PYTHONPATH': '/home/amyk/Dropbox/UW-Madison/ME468/ME468-3439/assignments/a07/Assignment07/install/py_pubsub/lib/python3.8/site-packages:/home/amyk/Dropbox/UW-Madison/ME468/ME468-3439/assignments/a07/Assignment07/install/py_pubsub/lib/python3.8/site-packages:/home/me468/autonomy_stack/install/control_stack/lib/python3.8/site-packages:/home/me468/autonomy_stack/install/custom_msgs/lib/python3.8/site-packages:/opt/ros/galactic/lib/python3.8/site-packages::/home/me468/chrono/build/bin', 'NVIDIA_VISIBLE_DEVICES': 'all', 'NCCL_VERSION': '2.9.6-1', 'COLCON': '1', 'NV_ML_REPO_ENABLED': '1', 'CMAKE_PREFIX_PATH': '/home/me468/autonomy_stack/install/custom_msgs'}, 'shell': False}
[2.719069] (-) TimerEvent: {}
[2.821041] (-) TimerEvent: {}
[2.924687] (-) TimerEvent: {}
[3.050293] (-) TimerEvent: {}
[3.164381] (-) TimerEvent: {}
[3.268225] (-) TimerEvent: {}
[3.370048] (-) TimerEvent: {}
[3.487753] (-) TimerEvent: {}
[3.580113] (py_pubsub) StdoutLine: {'line': b'running egg_info\n'}
[3.593205] (-) TimerEvent: {}
[3.599409] (py_pubsub) StdoutLine: {'line': b'writing ../build/py_pubsub/py_pubsub.egg-info/PKG-INFO\n'}
[3.614410] (py_pubsub) StdoutLine: {'line': b'writing dependency_links to ../build/py_pubsub/py_pubsub.egg-info/dependency_links.txt\n'}
[3.630833] (py_pubsub) StdoutLine: {'line': b'writing entry points to ../build/py_pubsub/py_pubsub.egg-info/entry_points.txt\n'}
[3.643986] (py_pubsub) StdoutLine: {'line': b'writing requirements to ../build/py_pubsub/py_pubsub.egg-info/requires.txt\n'}
[3.655106] (py_pubsub) StdoutLine: {'line': b'writing top-level names to ../build/py_pubsub/py_pubsub.egg-info/top_level.txt\n'}
[3.693586] (-) TimerEvent: {}
[3.803401] (-) TimerEvent: {}
[3.827267] (py_pubsub) StderrLine: {'line': b"package init file 'py_pubsub/__init__.py' not found (or not a regular file)\n"}
[3.832318] (py_pubsub) StdoutLine: {'line': b"reading manifest file '../build/py_pubsub/py_pubsub.egg-info/SOURCES.txt'\n"}
[3.845560] (py_pubsub) StdoutLine: {'line': b"writing manifest file '../build/py_pubsub/py_pubsub.egg-info/SOURCES.txt'\n"}
[3.856443] (py_pubsub) StdoutLine: {'line': b'running build\n'}
[3.875115] (py_pubsub) StdoutLine: {'line': b'running build_py\n'}
[3.887418] (py_pubsub) StdoutLine: {'line': b'running install\n'}
[3.905271] (-) TimerEvent: {}
[3.916493] (py_pubsub) StdoutLine: {'line': b'running install_lib\n'}
[3.937836] (py_pubsub) StderrLine: {'line': b"warning: install_lib: '/home/amyk/Dropbox/UW-Madison/ME468/ME468-3439/assignments/a07/Assignment07/build/py_pubsub/build/lib' does not exist -- no Python modules to install\n"}
[3.952353] (py_pubsub) StderrLine: {'line': b'\n'}
[3.965224] (py_pubsub) StdoutLine: {'line': b'running install_data\n'}
[3.989894] (py_pubsub) StdoutLine: {'line': b'running install_egg_info\n'}
[4.005659] (-) TimerEvent: {}
[4.007387] (py_pubsub) StdoutLine: {'line': b"removing '/home/amyk/Dropbox/UW-Madison/ME468/ME468-3439/assignments/a07/Assignment07/install/py_pubsub/lib/python3.8/site-packages/py_pubsub-0.0.0-py3.8.egg-info' (and everything under it)\n"}
[4.027202] (py_pubsub) StdoutLine: {'line': b'Copying ../build/py_pubsub/py_pubsub.egg-info to /home/amyk/Dropbox/UW-Madison/ME468/ME468-3439/assignments/a07/Assignment07/install/py_pubsub/lib/python3.8/site-packages/py_pubsub-0.0.0-py3.8.egg-info\n'}
[4.105990] (-) TimerEvent: {}
[4.209030] (-) TimerEvent: {}
[4.230990] (py_pubsub) StdoutLine: {'line': b'running install_scripts\n'}
[4.309393] (-) TimerEvent: {}
[4.368744] (py_pubsub) StdoutLine: {'line': b"writing list of installed files to '/home/amyk/Dropbox/UW-Madison/ME468/ME468-3439/assignments/a07/Assignment07/build/py_pubsub/install.log'\n"}
[4.409729] (-) TimerEvent: {}
[4.424900] (py_pubsub) CommandEnded: {'returncode': 0}
[4.509998] (-) TimerEvent: {}
[4.614584] (-) TimerEvent: {}
[4.728135] (-) TimerEvent: {}
[4.758001] (py_pubsub) JobEnded: {'identifier': 'py_pubsub', 'rc': 0}
[4.965274] (-) TimerEvent: {}
[4.968608] (-) EventReactorShutdown: {}
