[2.509s] Invoking command in '/home/amyk/Dropbox/UW-Madison/ME468/ME468-3439/assignments/a07/Assignment07/py_pubsub': PYTHONPATH=/home/amyk/Dropbox/UW-Madison/ME468/ME468-3439/assignments/a07/install/py_pubsub/lib/python3.8/site-packages:${PYTHONPATH} /usr/bin/python3 setup.py egg_info --egg-base ../../build/py_pubsub build --build-base /home/amyk/Dropbox/UW-Madison/ME468/ME468-3439/assignments/a07/build/py_pubsub/build install --prefix /home/amyk/Dropbox/UW-Madison/ME468/ME468-3439/assignments/a07/install/py_pubsub --record /home/amyk/Dropbox/UW-Madison/ME468/ME468-3439/assignments/a07/build/py_pubsub/install.log --single-version-externally-managed
[3.015s] running egg_info
[3.027s] writing ../../build/py_pubsub/py_pubsub.egg-info/PKG-INFO
[3.035s] writing dependency_links to ../../build/py_pubsub/py_pubsub.egg-info/dependency_links.txt
[3.044s] writing entry points to ../../build/py_pubsub/py_pubsub.egg-info/entry_points.txt
[3.054s] writing requirements to ../../build/py_pubsub/py_pubsub.egg-info/requires.txt
[3.067s] writing top-level names to ../../build/py_pubsub/py_pubsub.egg-info/top_level.txt
[3.193s] reading manifest file '../../build/py_pubsub/py_pubsub.egg-info/SOURCES.txt'
[3.206s] writing manifest file '../../build/py_pubsub/py_pubsub.egg-info/SOURCES.txt'
[3.211s] running build
[3.218s] running build_py
[3.233s] copying py_pubsub/publisher_member_function.py -> /home/amyk/Dropbox/UW-Madison/ME468/ME468-3439/assignments/a07/build/py_pubsub/build/lib/py_pubsub
[3.240s] running install
[3.245s] running install_lib
[3.252s] copying /home/amyk/Dropbox/UW-Madison/ME468/ME468-3439/assignments/a07/build/py_pubsub/build/lib/py_pubsub/publisher_member_function.py -> /home/amyk/Dropbox/UW-Madison/ME468/ME468-3439/assignments/a07/install/py_pubsub/lib/python3.8/site-packages/py_pubsub
[3.267s] byte-compiling /home/amyk/Dropbox/UW-Madison/ME468/ME468-3439/assignments/a07/install/py_pubsub/lib/python3.8/site-packages/py_pubsub/publisher_member_function.py to publisher_member_function.cpython-38.pyc
[3.278s] running install_data
[3.286s] running install_egg_info
[3.290s] removing '/home/amyk/Dropbox/UW-Madison/ME468/ME468-3439/assignments/a07/install/py_pubsub/lib/python3.8/site-packages/py_pubsub-0.0.0-py3.8.egg-info' (and everything under it)
[3.325s] Copying ../../build/py_pubsub/py_pubsub.egg-info to /home/amyk/Dropbox/UW-Madison/ME468/ME468-3439/assignments/a07/install/py_pubsub/lib/python3.8/site-packages/py_pubsub-0.0.0-py3.8.egg-info
[3.525s] running install_scripts
[3.585s] Installing listener script to /home/amyk/Dropbox/UW-Madison/ME468/ME468-3439/assignments/a07/install/py_pubsub/lib/py_pubsub
[3.602s] Installing talker script to /home/amyk/Dropbox/UW-Madison/ME468/ME468-3439/assignments/a07/install/py_pubsub/lib/py_pubsub
[3.614s] writing list of installed files to '/home/amyk/Dropbox/UW-Madison/ME468/ME468-3439/assignments/a07/build/py_pubsub/install.log'
[3.680s] Invoked command in '/home/amyk/Dropbox/UW-Madison/ME468/ME468-3439/assignments/a07/Assignment07/py_pubsub' returned '0': PYTHONPATH=/home/amyk/Dropbox/UW-Madison/ME468/ME468-3439/assignments/a07/install/py_pubsub/lib/python3.8/site-packages:${PYTHONPATH} /usr/bin/python3 setup.py egg_info --egg-base ../../build/py_pubsub build --build-base /home/amyk/Dropbox/UW-Madison/ME468/ME468-3439/assignments/a07/build/py_pubsub/build install --prefix /home/amyk/Dropbox/UW-Madison/ME468/ME468-3439/assignments/a07/install/py_pubsub --record /home/amyk/Dropbox/UW-Madison/ME468/ME468-3439/assignments/a07/build/py_pubsub/install.log --single-version-externally-managed
