[0.000000] (-) TimerEvent: {}
[0.005882] (py_pubsub) JobQueued: {'identifier': 'py_pubsub', 'dependencies': OrderedDict()}
[0.008095] (py_pubsub) JobStarted: {'identifier': 'py_pubsub'}
[0.093410] (-) TimerEvent: {}
[0.196165] (-) TimerEvent: {}
[0.298012] (-) TimerEvent: {}
[0.400747] (-) TimerEvent: {}
[0.503557] (-) TimerEvent: {}
[0.612287] (-) TimerEvent: {}
[0.741237] (-) TimerEvent: {}
[0.845466] (-) TimerEvent: {}
[0.947429] (-) TimerEvent: {}
[1.058130] (-) TimerEvent: {}
[1.161589] (-) TimerEvent: {}
[1.263321] (-) TimerEvent: {}
[1.366003] (-) TimerEvent: {}
[1.470681] (-) TimerEvent: {}
[1.573561] (-) TimerEvent: {}
[1.676868] (-) TimerEvent: {}
[1.779612] (-) TimerEvent: {}
[1.881615] (-) TimerEvent: {}
[1.983232] (-) TimerEvent: {}
[2.089020] (-) TimerEvent: {}
[2.193025] (-) TimerEvent: {}
[2.294820] (-) TimerEvent: {}
[2.396957] (-) TimerEvent: {}
[2.499332] (-) TimerEvent: {}
[2.601351] (-) TimerEvent: {}
[2.703571] (-) TimerEvent: {}
[2.805650] (-) TimerEvent: {}
[2.909753] (-) TimerEvent: {}
[3.011512] (-) TimerEvent: {}
[3.115096] (-) TimerEvent: {}
[3.217602] (-) TimerEvent: {}
[3.319787] (-) TimerEvent: {}
[3.421410] (-) TimerEvent: {}
[3.523415] (-) TimerEvent: {}
[3.625698] (-) TimerEvent: {}
[3.727877] (-) TimerEvent: {}
[3.832321] (-) TimerEvent: {}
[3.957952] (-) TimerEvent: {}
[4.060963] (-) TimerEvent: {}
[4.179254] (-) TimerEvent: {}
[4.287011] (py_pubsub) Command: {'cmd': ['/usr/bin/python3', 'setup.py', 'egg_info', '--egg-base', '../build/py_pubsub', 'build', '--build-base', '/home/amyk/Dropbox/UW-Madison/ME468/ME468-3439/assignments/a07/Assignment07/build/py_pubsub/build', 'install', '--prefix', '/home/amyk/Dropbox/UW-Madison/ME468/ME468-3439/assignments/a07/Assignment07/install/py_pubsub', '--record', '/home/amyk/Dropbox/UW-Madison/ME468/ME468-3439/assignments/a07/Assignment07/build/py_pubsub/install.log', '--single-version-externally-managed'], 'cwd': '/home/amyk/Dropbox/UW-Madison/ME468/ME468-3439/assignments/a07/Assignment07/py_pubsub', 'env': {'NV_LIBCUBLAS_VERSION': '11.4.2.10064-1', 'CHRONO_DATA_DIR': '/home/me468/chrono/build/data/', 'NV_CUDA_COMPAT_PACKAGE': 'cuda-compat-11-3', 'HOSTNAME': '0df73a3603dd', 'SHLVL': '2', 'LD_LIBRARY_PATH': '/home/me468/autonomy_stack/install/custom_msgs/lib:/opt/ros/galactic/opt/yaml_cpp_vendor/lib:/opt/ros/galactic/lib/x86_64-linux-gnu:/opt/ros/galactic/lib:/lib/x86_64-linux-gnu:/usr/local/nvidia/lib:/usr/local/nvidia/lib64:/home/me468/chrono/build/lib', 'NV_LIBNCCL_PACKAGE_VERSION': '2.9.6-1', 'HOME': '/home/amyk', 'OLDPWD': '/', 'ROS_PYTHON_VERSION': '3', 'LC_CTYPE': 'C.UTF-8', 'NV_LIBNPP_PACKAGE': 'libnpp-11-3=11.3.3.44-1', 'CUDA_VERSION': '11.3.0', 'DISPLAY_HEIGHT': '768', 'COLCON_PREFIX_PATH': '/home/me468/autonomy_stack/install', 'ROS_DISTRO': 'galactic', 'NV_LIBCUBLAS_PACKAGE_NAME': 'libcublas-11-3', 'NVIDIA_REQUIRE_CUDA': 'cuda>=11.3 brand=tesla,driver>=418,driver<419 brand=tesla,driver>=440,driver<441 driver>=450', '_': '/usr/bin/colcon', 'ROS_VERSION': '2', 'NV_LIBCUSPARSE_VERSION': '11.5.0.58-1', 'NVIDIA_DRIVER_CAPABILITIES': 'compute,utility', 'NV_CUDA_LIB_VERSION': '11.3.0-1', 'NV_LIBNCCL_PACKAGE_NAME': 'libnccl2', 'TERM': 'xterm', 'NV_CUDA_CUDART_VERSION': '11.3.58-1', 'ROS_LOCALHOST_ONLY': '0', 'PATH': '/opt/ros/galactic/bin:/usr/local/nvidia/bin:/usr/local/cuda/bin:/usr/local/sbin:/usr/local/bin:/usr/sbin:/usr/bin:/sbin:/bin', 'NV_LIBCUBLAS_PACKAGE': 'libcublas-11-3=11.4.2.10064-1', 'NVARCH': 'x86_64', 'DISPLAY': ':0.0', 'NV_LIBNCCL_PACKAGE': 'libnccl2=2.9.6-1+cuda11.3', 'NV_ML_REPO_URL': 'https://developer.download.nvidia.com/compute/machine-learning/repos/ubuntu2004/x86_64', 'AMENT_PREFIX_PATH': '/home/me468/autonomy_stack/install/control_stack:/home/me468/autonomy_stack/install/custom_msgs:/opt/ros/galactic', 'NV_NVTX_VERSION': '11.3.58-1', 'NV_LIBNPP_VERSION': '11.3.3.44-1', 'PWD': '/home/amyk/Dropbox/UW-Madison/ME468/ME468-3439/assignments/a07/Assignment07/build/py_pubsub', 'DISPLAY_WIDTH': '1024', 'PYTHONPATH': '/home/amyk/Dropbox/UW-Madison/ME468/ME468-3439/assignments/a07/Assignment07/install/py_pubsub/lib/python3.8/site-packages:/home/me468/autonomy_stack/install/control_stack/lib/python3.8/site-packages:/home/me468/autonomy_stack/install/custom_msgs/lib/python3.8/site-packages:/opt/ros/galactic/lib/python3.8/site-packages::/home/me468/chrono/build/bin', 'NVIDIA_VISIBLE_DEVICES': 'all', 'NCCL_VERSION': '2.9.6-1', 'COLCON': '1', 'NV_ML_REPO_ENABLED': '1', 'CMAKE_PREFIX_PATH': '/home/me468/autonomy_stack/install/custom_msgs'}, 'shell': False}
[4.366345] (-) TimerEvent: {}
[4.470559] (-) TimerEvent: {}
[4.577229] (-) TimerEvent: {}
[4.680342] (-) TimerEvent: {}
[4.817564] (-) TimerEvent: {}
[4.922726] (-) TimerEvent: {}
[5.030080] (-) TimerEvent: {}
[5.182644] (-) TimerEvent: {}
[5.313982] (-) TimerEvent: {}
[5.331132] (py_pubsub) StdoutLine: {'line': b'running egg_info\n'}
[5.341490] (py_pubsub) StdoutLine: {'line': b'writing ../build/py_pubsub/py_pubsub.egg-info/PKG-INFO\n'}
[5.358050] (py_pubsub) StdoutLine: {'line': b'writing dependency_links to ../build/py_pubsub/py_pubsub.egg-info/dependency_links.txt\n'}
[5.375952] (py_pubsub) StdoutLine: {'line': b'writing entry points to ../build/py_pubsub/py_pubsub.egg-info/entry_points.txt\n'}
[5.393545] (py_pubsub) StdoutLine: {'line': b'writing requirements to ../build/py_pubsub/py_pubsub.egg-info/requires.txt\n'}
[5.409910] (py_pubsub) StdoutLine: {'line': b'writing top-level names to ../build/py_pubsub/py_pubsub.egg-info/top_level.txt\n'}
[5.440357] (-) TimerEvent: {}
[5.544617] (-) TimerEvent: {}
[5.680940] (-) TimerEvent: {}
[5.816922] (-) TimerEvent: {}
[5.892604] (py_pubsub) StderrLine: {'line': b"package init file 'py_pubsub/__init__.py' not found (or not a regular file)\n"}
[5.915489] (py_pubsub) StdoutLine: {'line': b"reading manifest file '../build/py_pubsub/py_pubsub.egg-info/SOURCES.txt'\n"}
[5.927153] (-) TimerEvent: {}
[5.948994] (py_pubsub) StdoutLine: {'line': b"writing manifest file '../build/py_pubsub/py_pubsub.egg-info/SOURCES.txt'\n"}
[5.982719] (py_pubsub) StdoutLine: {'line': b'running build\n'}
[6.015110] (py_pubsub) StdoutLine: {'line': b'running build_py\n'}
[6.047245] (-) TimerEvent: {}
[6.054974] (py_pubsub) StdoutLine: {'line': b'running install\n'}
[6.078316] (py_pubsub) StdoutLine: {'line': b'running install_lib\n'}
[6.109947] (py_pubsub) StderrLine: {'line': b"warning: install_lib: '/home/amyk/Dropbox/UW-Madison/ME468/ME468-3439/assignments/a07/Assignment07/build/py_pubsub/build/lib' does not exist -- no Python modules to install\n"}
[6.181156] (-) TimerEvent: {}
[6.185785] (py_pubsub) StderrLine: {'line': b'\n'}
[6.201762] (py_pubsub) StdoutLine: {'line': b'running install_data\n'}
[6.214062] (py_pubsub) StdoutLine: {'line': b'running install_egg_info\n'}
[6.283233] (-) TimerEvent: {}
[6.297033] (py_pubsub) StdoutLine: {'line': b"removing '/home/amyk/Dropbox/UW-Madison/ME468/ME468-3439/assignments/a07/Assignment07/install/py_pubsub/lib/python3.8/site-packages/py_pubsub-0.0.0-py3.8.egg-info' (and everything under it)\n"}
[6.329182] (py_pubsub) StdoutLine: {'line': b'Copying ../build/py_pubsub/py_pubsub.egg-info to /home/amyk/Dropbox/UW-Madison/ME468/ME468-3439/assignments/a07/Assignment07/install/py_pubsub/lib/python3.8/site-packages/py_pubsub-0.0.0-py3.8.egg-info\n'}
[6.394880] (-) TimerEvent: {}
[6.505252] (-) TimerEvent: {}
[6.618080] (-) TimerEvent: {}
[6.723829] (-) TimerEvent: {}
[6.806584] (py_pubsub) StdoutLine: {'line': b'running install_scripts\n'}
[6.911920] (-) TimerEvent: {}
[7.047855] (-) TimerEvent: {}
[7.117036] (py_pubsub) StdoutLine: {'line': b'Installing listener script to /home/amyk/Dropbox/UW-Madison/ME468/ME468-3439/assignments/a07/Assignment07/install/py_pubsub/lib/py_pubsub\n'}
[7.148228] (-) TimerEvent: {}
[7.214170] (py_pubsub) StdoutLine: {'line': b'Installing talker script to /home/amyk/Dropbox/UW-Madison/ME468/ME468-3439/assignments/a07/Assignment07/install/py_pubsub/lib/py_pubsub\n'}
[7.249264] (-) TimerEvent: {}
[7.265959] (py_pubsub) StdoutLine: {'line': b"writing list of installed files to '/home/amyk/Dropbox/UW-Madison/ME468/ME468-3439/assignments/a07/Assignment07/build/py_pubsub/install.log'\n"}
[7.349644] (-) TimerEvent: {}
[7.425141] (py_pubsub) CommandEnded: {'returncode': 0}
[7.497623] (-) TimerEvent: {}
[7.601112] (-) TimerEvent: {}
[7.705816] (-) TimerEvent: {}
[7.813103] (py_pubsub) JobEnded: {'identifier': 'py_pubsub', 'rc': 0}
[7.826970] (-) TimerEvent: {}
[7.829197] (-) EventReactorShutdown: {}
