[0.000000] (-) TimerEvent: {}
[0.006155] (py_pubsub) JobQueued: {'identifier': 'py_pubsub', 'dependencies': OrderedDict()}
[0.007764] (py_pubsub) JobStarted: {'identifier': 'py_pubsub'}
[0.095132] (-) TimerEvent: {}
[0.197314] (-) TimerEvent: {}
[0.299670] (-) TimerEvent: {}
[0.402521] (-) TimerEvent: {}
[0.504113] (-) TimerEvent: {}
[0.605305] (-) TimerEvent: {}
[0.706832] (-) TimerEvent: {}
[0.809158] (-) TimerEvent: {}
[0.911233] (-) TimerEvent: {}
[1.012892] (-) TimerEvent: {}
[1.114506] (-) TimerEvent: {}
[1.216092] (-) TimerEvent: {}
[1.320241] (-) TimerEvent: {}
[1.445148] (-) TimerEvent: {}
[1.547134] (-) TimerEvent: {}
[1.648521] (-) TimerEvent: {}
[1.749736] (-) TimerEvent: {}
[1.852532] (-) TimerEvent: {}
[1.954497] (-) TimerEvent: {}
[2.056553] (-) TimerEvent: {}
[2.158336] (-) TimerEvent: {}
[2.260556] (-) TimerEvent: {}
[2.363727] (-) TimerEvent: {}
[2.466047] (-) TimerEvent: {}
[2.569330] (-) TimerEvent: {}
[2.670849] (-) TimerEvent: {}
[2.773792] (-) TimerEvent: {}
[2.875663] (-) TimerEvent: {}
[2.977617] (-) TimerEvent: {}
[3.080666] (-) TimerEvent: {}
[3.130287] (py_pubsub) Command: {'cmd': ['/usr/bin/python3', 'setup.py', 'egg_info', '--egg-base', '../../build/py_pubsub', 'build', '--build-base', '/home/amyk/Dropbox/UW-Madison/ME468/ME468-3439/assignments/a07/build/py_pubsub/build', 'install', '--prefix', '/home/amyk/Dropbox/UW-Madison/ME468/ME468-3439/assignments/a07/install/py_pubsub', '--record', '/home/amyk/Dropbox/UW-Madison/ME468/ME468-3439/assignments/a07/build/py_pubsub/install.log', '--single-version-externally-managed'], 'cwd': '/home/amyk/Dropbox/UW-Madison/ME468/ME468-3439/assignments/a07/Assignment07/py_pubsub', 'env': {'NV_LIBCUBLAS_VERSION': '11.4.2.10064-1', 'CHRONO_DATA_DIR': '/home/me468/chrono/build/data/', 'NV_CUDA_COMPAT_PACKAGE': 'cuda-compat-11-3', 'HOSTNAME': '7220e475c9c5', 'SHLVL': '2', 'LD_LIBRARY_PATH': '/home/me468/autonomy_stack/install/custom_msgs/lib:/opt/ros/galactic/opt/yaml_cpp_vendor/lib:/opt/ros/galactic/lib/x86_64-linux-gnu:/opt/ros/galactic/lib:/lib/x86_64-linux-gnu:/usr/local/nvidia/lib:/usr/local/nvidia/lib64:/home/me468/chrono/build/lib', 'NV_LIBNCCL_PACKAGE_VERSION': '2.9.6-1', 'HOME': '/home/amyk', 'OLDPWD': '/', 'ROS_PYTHON_VERSION': '3', 'LC_CTYPE': 'C.UTF-8', 'NV_LIBNPP_PACKAGE': 'libnpp-11-3=11.3.3.44-1', 'CUDA_VERSION': '11.3.0', 'DISPLAY_HEIGHT': '768', 'COLCON_PREFIX_PATH': '/home/me468/autonomy_stack/install', 'ROS_DISTRO': 'galactic', 'NV_LIBCUBLAS_PACKAGE_NAME': 'libcublas-11-3', 'NVIDIA_REQUIRE_CUDA': 'cuda>=11.3 brand=tesla,driver>=418,driver<419 brand=tesla,driver>=440,driver<441 driver>=450', '_': '/usr/bin/colcon', 'ROS_VERSION': '2', 'NV_LIBCUSPARSE_VERSION': '11.5.0.58-1', 'NVIDIA_DRIVER_CAPABILITIES': 'compute,utility', 'NV_CUDA_LIB_VERSION': '11.3.0-1', 'NV_LIBNCCL_PACKAGE_NAME': 'libnccl2', 'TERM': 'xterm', 'NV_CUDA_CUDART_VERSION': '11.3.58-1', 'ROS_LOCALHOST_ONLY': '0', 'PATH': '/opt/ros/galactic/bin:/usr/local/nvidia/bin:/usr/local/cuda/bin:/usr/local/sbin:/usr/local/bin:/usr/sbin:/usr/bin:/sbin:/bin', 'NV_LIBCUBLAS_PACKAGE': 'libcublas-11-3=11.4.2.10064-1', 'NVARCH': 'x86_64', 'DISPLAY': ':0.0', 'NV_LIBNCCL_PACKAGE': 'libnccl2=2.9.6-1+cuda11.3', 'NV_ML_REPO_URL': 'https://developer.download.nvidia.com/compute/machine-learning/repos/ubuntu2004/x86_64', 'AMENT_PREFIX_PATH': '/home/me468/autonomy_stack/install/control_stack:/home/me468/autonomy_stack/install/custom_msgs:/opt/ros/galactic', 'NV_NVTX_VERSION': '11.3.58-1', 'NV_LIBNPP_VERSION': '11.3.3.44-1', 'PWD': '/home/amyk/Dropbox/UW-Madison/ME468/ME468-3439/assignments/a07/build/py_pubsub', 'DISPLAY_WIDTH': '1024', 'PYTHONPATH': '/home/amyk/Dropbox/UW-Madison/ME468/ME468-3439/assignments/a07/install/py_pubsub/lib/python3.8/site-packages:/home/me468/autonomy_stack/install/control_stack/lib/python3.8/site-packages:/home/me468/autonomy_stack/install/custom_msgs/lib/python3.8/site-packages:/opt/ros/galactic/lib/python3.8/site-packages::/home/me468/chrono/build/bin', 'NVIDIA_VISIBLE_DEVICES': 'all', 'NCCL_VERSION': '2.9.6-1', 'COLCON': '1', 'NV_ML_REPO_ENABLED': '1', 'CMAKE_PREFIX_PATH': '/home/me468/autonomy_stack/install/custom_msgs'}, 'shell': False}
[3.180872] (-) TimerEvent: {}
[3.282208] (-) TimerEvent: {}
[3.389537] (-) TimerEvent: {}
[3.491869] (-) TimerEvent: {}
[3.593467] (-) TimerEvent: {}
[3.643963] (py_pubsub) StdoutLine: {'line': b'running egg_info\n'}
[3.650752] (py_pubsub) StdoutLine: {'line': b'writing ../../build/py_pubsub/py_pubsub.egg-info/PKG-INFO\n'}
[3.660929] (py_pubsub) StdoutLine: {'line': b'writing dependency_links to ../../build/py_pubsub/py_pubsub.egg-info/dependency_links.txt\n'}
[3.669549] (py_pubsub) StdoutLine: {'line': b'writing entry points to ../../build/py_pubsub/py_pubsub.egg-info/entry_points.txt\n'}
[3.675859] (py_pubsub) StdoutLine: {'line': b'writing requirements to ../../build/py_pubsub/py_pubsub.egg-info/requires.txt\n'}
[3.681809] (py_pubsub) StdoutLine: {'line': b'writing top-level names to ../../build/py_pubsub/py_pubsub.egg-info/top_level.txt\n'}
[3.693687] (-) TimerEvent: {}
[3.795941] (py_pubsub) StdoutLine: {'line': b"reading manifest file '../../build/py_pubsub/py_pubsub.egg-info/SOURCES.txt'\n"}
[3.806736] (-) TimerEvent: {}
[3.815338] (py_pubsub) StdoutLine: {'line': b"writing manifest file '../../build/py_pubsub/py_pubsub.egg-info/SOURCES.txt'\n"}
[3.821479] (py_pubsub) StdoutLine: {'line': b'running build\n'}
[3.825985] (py_pubsub) StdoutLine: {'line': b'running build_py\n'}
[3.831830] (py_pubsub) StdoutLine: {'line': b'copying py_pubsub/publisher_member_function.py -> /home/amyk/Dropbox/UW-Madison/ME468/ME468-3439/assignments/a07/build/py_pubsub/build/lib/py_pubsub\n'}
[3.850952] (py_pubsub) StdoutLine: {'line': b'running install\n'}
[3.857299] (py_pubsub) StdoutLine: {'line': b'running install_lib\n'}
[3.864512] (py_pubsub) StdoutLine: {'line': b'copying /home/amyk/Dropbox/UW-Madison/ME468/ME468-3439/assignments/a07/build/py_pubsub/build/lib/py_pubsub/publisher_member_function.py -> /home/amyk/Dropbox/UW-Madison/ME468/ME468-3439/assignments/a07/install/py_pubsub/lib/python3.8/site-packages/py_pubsub\n'}
[3.889164] (py_pubsub) StdoutLine: {'line': b'byte-compiling /home/amyk/Dropbox/UW-Madison/ME468/ME468-3439/assignments/a07/install/py_pubsub/lib/python3.8/site-packages/py_pubsub/publisher_member_function.py to publisher_member_function.cpython-38.pyc\n'}
[3.903518] (py_pubsub) StdoutLine: {'line': b'running install_data\n'}
[3.910288] (-) TimerEvent: {}
[3.913564] (py_pubsub) StdoutLine: {'line': b'running install_egg_info\n'}
[3.922619] (py_pubsub) StdoutLine: {'line': b"removing '/home/amyk/Dropbox/UW-Madison/ME468/ME468-3439/assignments/a07/install/py_pubsub/lib/python3.8/site-packages/py_pubsub-0.0.0-py3.8.egg-info' (and everything under it)\n"}
[3.958294] (py_pubsub) StdoutLine: {'line': b'Copying ../../build/py_pubsub/py_pubsub.egg-info to /home/amyk/Dropbox/UW-Madison/ME468/ME468-3439/assignments/a07/install/py_pubsub/lib/python3.8/site-packages/py_pubsub-0.0.0-py3.8.egg-info\n'}
[4.010587] (-) TimerEvent: {}
[4.113718] (-) TimerEvent: {}
[4.134901] (py_pubsub) StdoutLine: {'line': b'running install_scripts\n'}
[4.203035] (py_pubsub) StdoutLine: {'line': b'Installing listener script to /home/amyk/Dropbox/UW-Madison/ME468/ME468-3439/assignments/a07/install/py_pubsub/lib/py_pubsub\n'}
[4.214520] (-) TimerEvent: {}
[4.217380] (py_pubsub) StdoutLine: {'line': b'Installing talker script to /home/amyk/Dropbox/UW-Madison/ME468/ME468-3439/assignments/a07/install/py_pubsub/lib/py_pubsub\n'}
[4.228591] (py_pubsub) StdoutLine: {'line': b"writing list of installed files to '/home/amyk/Dropbox/UW-Madison/ME468/ME468-3439/assignments/a07/build/py_pubsub/install.log'\n"}
[4.322754] (-) TimerEvent: {}
[4.355692] (py_pubsub) CommandEnded: {'returncode': 0}
[4.423833] (-) TimerEvent: {}
[4.539597] (-) TimerEvent: {}
[4.643494] (-) TimerEvent: {}
[4.662345] (py_pubsub) JobEnded: {'identifier': 'py_pubsub', 'rc': 0}
[4.687990] (-) EventReactorShutdown: {}
