[6.641s] Invoking command in '/home/amyk/Dropbox/UW-Madison/ME468/ME468-3439/assignments/a07/Assignment07/py_pubsub': PYTHONPATH=/home/amyk/Dropbox/UW-Madison/ME468/ME468-3439/assignments/a07/Assignment07/install/py_pubsub/lib/python3.8/site-packages:${PYTHONPATH} /usr/bin/python3 setup.py egg_info --egg-base ../build/py_pubsub build --build-base /home/amyk/Dropbox/UW-Madison/ME468/ME468-3439/assignments/a07/Assignment07/build/py_pubsub/build install --prefix /home/amyk/Dropbox/UW-Madison/ME468/ME468-3439/assignments/a07/Assignment07/install/py_pubsub --record /home/amyk/Dropbox/UW-Madison/ME468/ME468-3439/assignments/a07/Assignment07/build/py_pubsub/install.log --single-version-externally-managed
[7.884s] running egg_info
[7.897s] creating ../build/py_pubsub/py_pubsub.egg-info
[7.909s] writing ../build/py_pubsub/py_pubsub.egg-info/PKG-INFO
[7.933s] writing dependency_links to ../build/py_pubsub/py_pubsub.egg-info/dependency_links.txt
[7.953s] writing entry points to ../build/py_pubsub/py_pubsub.egg-info/entry_points.txt
[7.971s] writing requirements to ../build/py_pubsub/py_pubsub.egg-info/requires.txt
[7.979s] writing top-level names to ../build/py_pubsub/py_pubsub.egg-info/top_level.txt
[8.002s] writing manifest file '../build/py_pubsub/py_pubsub.egg-info/SOURCES.txt'
[8.279s] package init file 'py_pubsub/__init__.py' not found (or not a regular file)
[8.338s] reading manifest file '../build/py_pubsub/py_pubsub.egg-info/SOURCES.txt'
[8.395s] writing manifest file '../build/py_pubsub/py_pubsub.egg-info/SOURCES.txt'
[8.433s] running build
[8.463s] running build_py
[8.486s] running install
[8.518s] running install_lib
[8.669s] warning: install_lib: '/home/amyk/Dropbox/UW-Madison/ME468/ME468-3439/assignments/a07/Assignment07/build/py_pubsub/build/lib' does not exist -- no Python modules to install
[8.699s] 
[8.735s] running install_data
[8.744s] creating /home/amyk/Dropbox/UW-Madison/ME468/ME468-3439/assignments/a07/Assignment07/install/py_pubsub/share/ament_index
[8.751s] creating /home/amyk/Dropbox/UW-Madison/ME468/ME468-3439/assignments/a07/Assignment07/install/py_pubsub/share/ament_index/resource_index
[8.777s] creating /home/amyk/Dropbox/UW-Madison/ME468/ME468-3439/assignments/a07/Assignment07/install/py_pubsub/share/ament_index/resource_index/packages
[8.797s] copying resource/py_pubsub -> /home/amyk/Dropbox/UW-Madison/ME468/ME468-3439/assignments/a07/Assignment07/install/py_pubsub/share/ament_index/resource_index/packages
[8.826s] copying package.xml -> /home/amyk/Dropbox/UW-Madison/ME468/ME468-3439/assignments/a07/Assignment07/install/py_pubsub/share/py_pubsub
[8.838s] running install_egg_info
[8.846s] Copying ../build/py_pubsub/py_pubsub.egg-info to /home/amyk/Dropbox/UW-Madison/ME468/ME468-3439/assignments/a07/Assignment07/install/py_pubsub/lib/python3.8/site-packages/py_pubsub-0.0.0-py3.8.egg-info
[9.365s] running install_scripts
[9.429s] writing list of installed files to '/home/amyk/Dropbox/UW-Madison/ME468/ME468-3439/assignments/a07/Assignment07/build/py_pubsub/install.log'
[9.492s] Invoked command in '/home/amyk/Dropbox/UW-Madison/ME468/ME468-3439/assignments/a07/Assignment07/py_pubsub' returned '0': PYTHONPATH=/home/amyk/Dropbox/UW-Madison/ME468/ME468-3439/assignments/a07/Assignment07/install/py_pubsub/lib/python3.8/site-packages:${PYTHONPATH} /usr/bin/python3 setup.py egg_info --egg-base ../build/py_pubsub build --build-base /home/amyk/Dropbox/UW-Madison/ME468/ME468-3439/assignments/a07/Assignment07/build/py_pubsub/build install --prefix /home/amyk/Dropbox/UW-Madison/ME468/ME468-3439/assignments/a07/Assignment07/install/py_pubsub --record /home/amyk/Dropbox/UW-Madison/ME468/ME468-3439/assignments/a07/Assignment07/build/py_pubsub/install.log --single-version-externally-managed
