[2.944s] Invoking command in '/home/amyk/Dropbox/UW-Madison/ME468/ME468-3439/assignments/a07/Assignment07/py_pubsub': PYTHONPATH=/home/amyk/Dropbox/UW-Madison/ME468/ME468-3439/assignments/a07/Assignment07/install/py_pubsub/lib/python3.8/site-packages:${PYTHONPATH} /usr/bin/python3 setup.py egg_info --egg-base ../build/py_pubsub build --build-base /home/amyk/Dropbox/UW-Madison/ME468/ME468-3439/assignments/a07/Assignment07/build/py_pubsub/build install --prefix /home/amyk/Dropbox/UW-Madison/ME468/ME468-3439/assignments/a07/Assignment07/install/py_pubsub --record /home/amyk/Dropbox/UW-Madison/ME468/ME468-3439/assignments/a07/Assignment07/build/py_pubsub/install.log --single-version-externally-managed
[3.416s] running egg_info
[3.422s] writing ../build/py_pubsub/py_pubsub.egg-info/PKG-INFO
[3.430s] writing dependency_links to ../build/py_pubsub/py_pubsub.egg-info/dependency_links.txt
[3.439s] writing entry points to ../build/py_pubsub/py_pubsub.egg-info/entry_points.txt
[3.447s] writing requirements to ../build/py_pubsub/py_pubsub.egg-info/requires.txt
[3.458s] writing top-level names to ../build/py_pubsub/py_pubsub.egg-info/top_level.txt
[3.669s] reading manifest file '../build/py_pubsub/py_pubsub.egg-info/SOURCES.txt'
[3.691s] writing manifest file '../build/py_pubsub/py_pubsub.egg-info/SOURCES.txt'
[3.702s] running build
[3.722s] running build_py
[3.741s] creating /home/amyk/Dropbox/UW-Madison/ME468/ME468-3439/assignments/a07/Assignment07/build/py_pubsub/build
[3.777s] creating /home/amyk/Dropbox/UW-Madison/ME468/ME468-3439/assignments/a07/Assignment07/build/py_pubsub/build/lib
[3.785s] creating /home/amyk/Dropbox/UW-Madison/ME468/ME468-3439/assignments/a07/Assignment07/build/py_pubsub/build/lib/py_pubsub
[3.795s] copying py_pubsub/__init__.py -> /home/amyk/Dropbox/UW-Madison/ME468/ME468-3439/assignments/a07/Assignment07/build/py_pubsub/build/lib/py_pubsub
[3.817s] running install
[3.825s] running install_lib
[3.839s] creating /home/amyk/Dropbox/UW-Madison/ME468/ME468-3439/assignments/a07/Assignment07/install/py_pubsub/lib/python3.8/site-packages/py_pubsub
[3.853s] copying /home/amyk/Dropbox/UW-Madison/ME468/ME468-3439/assignments/a07/Assignment07/build/py_pubsub/build/lib/py_pubsub/__init__.py -> /home/amyk/Dropbox/UW-Madison/ME468/ME468-3439/assignments/a07/Assignment07/install/py_pubsub/lib/python3.8/site-packages/py_pubsub
[3.884s] byte-compiling /home/amyk/Dropbox/UW-Madison/ME468/ME468-3439/assignments/a07/Assignment07/install/py_pubsub/lib/python3.8/site-packages/py_pubsub/__init__.py to __init__.cpython-38.pyc
[3.916s] running install_data
[3.929s] running install_egg_info
[3.945s] removing '/home/amyk/Dropbox/UW-Madison/ME468/ME468-3439/assignments/a07/Assignment07/install/py_pubsub/lib/python3.8/site-packages/py_pubsub-0.0.0-py3.8.egg-info' (and everything under it)
[3.987s] Copying ../build/py_pubsub/py_pubsub.egg-info to /home/amyk/Dropbox/UW-Madison/ME468/ME468-3439/assignments/a07/Assignment07/install/py_pubsub/lib/python3.8/site-packages/py_pubsub-0.0.0-py3.8.egg-info
[4.263s] running install_scripts
[4.399s] Installing listener script to /home/amyk/Dropbox/UW-Madison/ME468/ME468-3439/assignments/a07/Assignment07/install/py_pubsub/lib/py_pubsub
[4.434s] Installing talker script to /home/amyk/Dropbox/UW-Madison/ME468/ME468-3439/assignments/a07/Assignment07/install/py_pubsub/lib/py_pubsub
[4.459s] writing list of installed files to '/home/amyk/Dropbox/UW-Madison/ME468/ME468-3439/assignments/a07/Assignment07/build/py_pubsub/install.log'
[4.491s] Invoked command in '/home/amyk/Dropbox/UW-Madison/ME468/ME468-3439/assignments/a07/Assignment07/py_pubsub' returned '0': PYTHONPATH=/home/amyk/Dropbox/UW-Madison/ME468/ME468-3439/assignments/a07/Assignment07/install/py_pubsub/lib/python3.8/site-packages:${PYTHONPATH} /usr/bin/python3 setup.py egg_info --egg-base ../build/py_pubsub build --build-base /home/amyk/Dropbox/UW-Madison/ME468/ME468-3439/assignments/a07/Assignment07/build/py_pubsub/build install --prefix /home/amyk/Dropbox/UW-Madison/ME468/ME468-3439/assignments/a07/Assignment07/install/py_pubsub --record /home/amyk/Dropbox/UW-Madison/ME468/ME468-3439/assignments/a07/Assignment07/build/py_pubsub/install.log --single-version-externally-managed
