[0.000000] (-) TimerEvent: {}
[0.004603] (py_pubsub) JobQueued: {'identifier': 'py_pubsub', 'dependencies': OrderedDict()}
[0.007523] (py_pubsub) JobStarted: {'identifier': 'py_pubsub'}
[0.095310] (-) TimerEvent: {}
[0.197421] (-) TimerEvent: {}
[0.301683] (-) TimerEvent: {}
[0.405990] (-) TimerEvent: {}
[0.511786] (-) TimerEvent: {}
[0.614731] (-) TimerEvent: {}
[0.716351] (-) TimerEvent: {}
[0.821261] (-) TimerEvent: {}
[0.924554] (-) TimerEvent: {}
[1.027058] (-) TimerEvent: {}
[1.132341] (-) TimerEvent: {}
[1.237674] (-) TimerEvent: {}
[1.346179] (-) TimerEvent: {}
[1.447906] (-) TimerEvent: {}
[1.549460] (-) TimerEvent: {}
[1.656486] (-) TimerEvent: {}
[1.758398] (-) TimerEvent: {}
[1.860224] (-) TimerEvent: {}
[1.961624] (-) TimerEvent: {}
[2.063587] (-) TimerEvent: {}
[2.165667] (-) TimerEvent: {}
[2.267763] (-) TimerEvent: {}
[2.369351] (-) TimerEvent: {}
[2.472700] (-) TimerEvent: {}
[2.574975] (-) TimerEvent: {}
[2.608318] (py_pubsub) Command: {'cmd': ['/usr/bin/python3', 'setup.py', 'egg_info', '--egg-base', '../../build/py_pubsub', 'build', '--build-base', '/home/amyk/Dropbox/UW-Madison/ME468/ME468-3439/assignments/a07/build/py_pubsub/build', 'install', '--prefix', '/home/amyk/Dropbox/UW-Madison/ME468/ME468-3439/assignments/a07/install/py_pubsub', '--record', '/home/amyk/Dropbox/UW-Madison/ME468/ME468-3439/assignments/a07/build/py_pubsub/install.log', '--single-version-externally-managed'], 'cwd': '/home/amyk/Dropbox/UW-Madison/ME468/ME468-3439/assignments/a07/Assignment07/py_pubsub', 'env': {'NV_LIBCUBLAS_VERSION': '11.4.2.10064-1', 'CHRONO_DATA_DIR': '/home/me468/chrono/build/data/', 'NV_CUDA_COMPAT_PACKAGE': 'cuda-compat-11-3', 'HOSTNAME': '0df73a3603dd', 'SHLVL': '2', 'LD_LIBRARY_PATH': '/home/me468/autonomy_stack/install/custom_msgs/lib:/opt/ros/galactic/opt/yaml_cpp_vendor/lib:/opt/ros/galactic/lib/x86_64-linux-gnu:/opt/ros/galactic/lib:/lib/x86_64-linux-gnu:/usr/local/nvidia/lib:/usr/local/nvidia/lib64:/home/me468/chrono/build/lib', 'NV_LIBNCCL_PACKAGE_VERSION': '2.9.6-1', 'HOME': '/home/amyk', 'OLDPWD': '/home/amyk/Dropbox/UW-Madison/ME468/ME468-3439/assignments/a07/Assignment07', 'ROS_PYTHON_VERSION': '3', 'LC_CTYPE': 'C.UTF-8', 'NV_LIBNPP_PACKAGE': 'libnpp-11-3=11.3.3.44-1', 'CUDA_VERSION': '11.3.0', 'DISPLAY_HEIGHT': '768', 'COLCON_PREFIX_PATH': '/home/amyk/Dropbox/UW-Madison/ME468/ME468-3439/assignments/a07/Assignment07/install:/home/me468/autonomy_stack/install', 'ROS_DISTRO': 'galactic', 'NV_LIBCUBLAS_PACKAGE_NAME': 'libcublas-11-3', 'NVIDIA_REQUIRE_CUDA': 'cuda>=11.3 brand=tesla,driver>=418,driver<419 brand=tesla,driver>=440,driver<441 driver>=450', '_': '/usr/bin/colcon', 'ROS_VERSION': '2', 'NV_LIBCUSPARSE_VERSION': '11.5.0.58-1', 'NVIDIA_DRIVER_CAPABILITIES': 'compute,utility', 'NV_CUDA_LIB_VERSION': '11.3.0-1', 'NV_LIBNCCL_PACKAGE_NAME': 'libnccl2', 'TERM': 'xterm', 'NV_CUDA_CUDART_VERSION': '11.3.58-1', 'ROS_LOCALHOST_ONLY': '0', 'PATH': '/opt/ros/galactic/bin:/usr/local/nvidia/bin:/usr/local/cuda/bin:/usr/local/sbin:/usr/local/bin:/usr/sbin:/usr/bin:/sbin:/bin', 'NV_LIBCUBLAS_PACKAGE': 'libcublas-11-3=11.4.2.10064-1', 'NVARCH': 'x86_64', 'DISPLAY': ':0.0', 'NV_LIBNCCL_PACKAGE': 'libnccl2=2.9.6-1+cuda11.3', 'NV_ML_REPO_URL': 'https://developer.download.nvidia.com/compute/machine-learning/repos/ubuntu2004/x86_64', 'AMENT_PREFIX_PATH': '/home/amyk/Dropbox/UW-Madison/ME468/ME468-3439/assignments/a07/Assignment07/install/py_pubsub:/home/me468/autonomy_stack/install/control_stack:/home/me468/autonomy_stack/install/custom_msgs:/opt/ros/galactic', 'NV_NVTX_VERSION': '11.3.58-1', 'NV_LIBNPP_VERSION': '11.3.3.44-1', 'PWD': '/home/amyk/Dropbox/UW-Madison/ME468/ME468-3439/assignments/a07/build/py_pubsub', 'DISPLAY_WIDTH': '1024', 'PYTHONPATH': '/home/amyk/Dropbox/UW-Madison/ME468/ME468-3439/assignments/a07/install/py_pubsub/lib/python3.8/site-packages:/home/amyk/Dropbox/UW-Madison/ME468/ME468-3439/assignments/a07/Assignment07/install/py_pubsub/lib/python3.8/site-packages:/home/me468/autonomy_stack/install/control_stack/lib/python3.8/site-packages:/home/me468/autonomy_stack/install/custom_msgs/lib/python3.8/site-packages:/opt/ros/galactic/lib/python3.8/site-packages::/home/me468/chrono/build/bin', 'NVIDIA_VISIBLE_DEVICES': 'all', 'NCCL_VERSION': '2.9.6-1', 'COLCON': '1', 'NV_ML_REPO_ENABLED': '1', 'CMAKE_PREFIX_PATH': '/home/me468/autonomy_stack/install/custom_msgs'}, 'shell': False}
[2.675181] (-) TimerEvent: {}
[2.776550] (-) TimerEvent: {}
[2.880489] (-) TimerEvent: {}
[2.981719] (-) TimerEvent: {}
[3.082802] (-) TimerEvent: {}
[3.102840] (py_pubsub) StdoutLine: {'line': b'running egg_info\n'}
[3.107809] (py_pubsub) StdoutLine: {'line': b'creating ../../build/py_pubsub/py_pubsub.egg-info\n'}
[3.115870] (py_pubsub) StdoutLine: {'line': b'writing ../../build/py_pubsub/py_pubsub.egg-info/PKG-INFO\n'}
[3.153075] (py_pubsub) StdoutLine: {'line': b'writing dependency_links to ../../build/py_pubsub/py_pubsub.egg-info/dependency_links.txt\n'}
[3.167269] (py_pubsub) StdoutLine: {'line': b'writing entry points to ../../build/py_pubsub/py_pubsub.egg-info/entry_points.txt\n'}
[3.176198] (py_pubsub) StdoutLine: {'line': b'writing requirements to ../../build/py_pubsub/py_pubsub.egg-info/requires.txt\n'}
[3.185662] (-) TimerEvent: {}
[3.186781] (py_pubsub) StdoutLine: {'line': b'writing top-level names to ../../build/py_pubsub/py_pubsub.egg-info/top_level.txt\n'}
[3.200936] (py_pubsub) StdoutLine: {'line': b"writing manifest file '../../build/py_pubsub/py_pubsub.egg-info/SOURCES.txt'\n"}
[3.285931] (-) TimerEvent: {}
[3.317376] (py_pubsub) StdoutLine: {'line': b"reading manifest file '../../build/py_pubsub/py_pubsub.egg-info/SOURCES.txt'\n"}
[3.354249] (py_pubsub) StdoutLine: {'line': b"writing manifest file '../../build/py_pubsub/py_pubsub.egg-info/SOURCES.txt'\n"}
[3.376267] (py_pubsub) StdoutLine: {'line': b'running build\n'}
[3.402820] (-) TimerEvent: {}
[3.403907] (py_pubsub) StdoutLine: {'line': b'running build_py\n'}
[3.420050] (py_pubsub) StdoutLine: {'line': b'creating /home/amyk/Dropbox/UW-Madison/ME468/ME468-3439/assignments/a07/build/py_pubsub/build\n'}
[3.452736] (py_pubsub) StdoutLine: {'line': b'creating /home/amyk/Dropbox/UW-Madison/ME468/ME468-3439/assignments/a07/build/py_pubsub/build/lib\n'}
[3.474297] (py_pubsub) StdoutLine: {'line': b'creating /home/amyk/Dropbox/UW-Madison/ME468/ME468-3439/assignments/a07/build/py_pubsub/build/lib/py_pubsub\n'}
[3.501568] (py_pubsub) StdoutLine: {'line': b'copying py_pubsub/__init__.py -> /home/amyk/Dropbox/UW-Madison/ME468/ME468-3439/assignments/a07/build/py_pubsub/build/lib/py_pubsub\n'}
[3.523748] (-) TimerEvent: {}
[3.527465] (py_pubsub) StdoutLine: {'line': b'copying py_pubsub/publisher_member_function.py -> /home/amyk/Dropbox/UW-Madison/ME468/ME468-3439/assignments/a07/build/py_pubsub/build/lib/py_pubsub\n'}
[3.549513] (py_pubsub) StdoutLine: {'line': b'copying py_pubsub/subscriber_member_function.py -> /home/amyk/Dropbox/UW-Madison/ME468/ME468-3439/assignments/a07/build/py_pubsub/build/lib/py_pubsub\n'}
[3.573622] (py_pubsub) StdoutLine: {'line': b'running install\n'}
[3.609758] (py_pubsub) StdoutLine: {'line': b'running install_lib\n'}
[3.637723] (-) TimerEvent: {}
[3.642322] (py_pubsub) StdoutLine: {'line': b'creating /home/amyk/Dropbox/UW-Madison/ME468/ME468-3439/assignments/a07/install/py_pubsub/lib/python3.8/site-packages/py_pubsub\n'}
[3.663459] (py_pubsub) StdoutLine: {'line': b'copying /home/amyk/Dropbox/UW-Madison/ME468/ME468-3439/assignments/a07/build/py_pubsub/build/lib/py_pubsub/__init__.py -> /home/amyk/Dropbox/UW-Madison/ME468/ME468-3439/assignments/a07/install/py_pubsub/lib/python3.8/site-packages/py_pubsub\n'}
[3.686214] (py_pubsub) StdoutLine: {'line': b'copying /home/amyk/Dropbox/UW-Madison/ME468/ME468-3439/assignments/a07/build/py_pubsub/build/lib/py_pubsub/publisher_member_function.py -> /home/amyk/Dropbox/UW-Madison/ME468/ME468-3439/assignments/a07/install/py_pubsub/lib/python3.8/site-packages/py_pubsub\n'}
[3.738529] (-) TimerEvent: {}
[3.749642] (py_pubsub) StdoutLine: {'line': b'copying /home/amyk/Dropbox/UW-Madison/ME468/ME468-3439/assignments/a07/build/py_pubsub/build/lib/py_pubsub/subscriber_member_function.py -> /home/amyk/Dropbox/UW-Madison/ME468/ME468-3439/assignments/a07/install/py_pubsub/lib/python3.8/site-packages/py_pubsub\n'}
[3.794686] (py_pubsub) StdoutLine: {'line': b'byte-compiling /home/amyk/Dropbox/UW-Madison/ME468/ME468-3439/assignments/a07/install/py_pubsub/lib/python3.8/site-packages/py_pubsub/__init__.py to __init__.cpython-38.pyc\n'}
[3.836011] (py_pubsub) StdoutLine: {'line': b'byte-compiling /home/amyk/Dropbox/UW-Madison/ME468/ME468-3439/assignments/a07/install/py_pubsub/lib/python3.8/site-packages/py_pubsub/publisher_member_function.py to publisher_member_function.cpython-38.pyc\n'}
[3.844453] (-) TimerEvent: {}
[3.872410] (py_pubsub) StdoutLine: {'line': b'byte-compiling /home/amyk/Dropbox/UW-Madison/ME468/ME468-3439/assignments/a07/install/py_pubsub/lib/python3.8/site-packages/py_pubsub/subscriber_member_function.py to subscriber_member_function.cpython-38.pyc\n'}
[3.889473] (py_pubsub) StdoutLine: {'line': b'running install_data\n'}
[3.896581] (py_pubsub) StdoutLine: {'line': b'creating /home/amyk/Dropbox/UW-Madison/ME468/ME468-3439/assignments/a07/install/py_pubsub/share/ament_index\n'}
[3.903808] (py_pubsub) StdoutLine: {'line': b'creating /home/amyk/Dropbox/UW-Madison/ME468/ME468-3439/assignments/a07/install/py_pubsub/share/ament_index/resource_index\n'}
[3.913716] (py_pubsub) StdoutLine: {'line': b'creating /home/amyk/Dropbox/UW-Madison/ME468/ME468-3439/assignments/a07/install/py_pubsub/share/ament_index/resource_index/packages\n'}
[3.920273] (py_pubsub) StdoutLine: {'line': b'copying resource/py_pubsub -> /home/amyk/Dropbox/UW-Madison/ME468/ME468-3439/assignments/a07/install/py_pubsub/share/ament_index/resource_index/packages\n'}
[3.944744] (-) TimerEvent: {}
[3.999721] (py_pubsub) StdoutLine: {'line': b'copying package.xml -> /home/amyk/Dropbox/UW-Madison/ME468/ME468-3439/assignments/a07/install/py_pubsub/share/py_pubsub\n'}
[4.042642] (py_pubsub) StdoutLine: {'line': b'running install_egg_info\n'}
[4.052550] (-) TimerEvent: {}
[4.055063] (py_pubsub) StdoutLine: {'line': b'Copying ../../build/py_pubsub/py_pubsub.egg-info to /home/amyk/Dropbox/UW-Madison/ME468/ME468-3439/assignments/a07/install/py_pubsub/lib/python3.8/site-packages/py_pubsub-0.0.0-py3.8.egg-info\n'}
[4.153472] (-) TimerEvent: {}
[4.260363] (-) TimerEvent: {}
[4.362692] (-) TimerEvent: {}
[4.792255] (-) TimerEvent: {}
[4.796909] (py_pubsub) StdoutLine: {'line': b'running install_scripts\n'}
[4.856823] (py_pubsub) StdoutLine: {'line': b'Installing listener script to /home/amyk/Dropbox/UW-Madison/ME468/ME468-3439/assignments/a07/install/py_pubsub/lib/py_pubsub\n'}
[4.892477] (-) TimerEvent: {}
[4.894504] (py_pubsub) StdoutLine: {'line': b'Installing talker script to /home/amyk/Dropbox/UW-Madison/ME468/ME468-3439/assignments/a07/install/py_pubsub/lib/py_pubsub\n'}
[4.908358] (py_pubsub) StdoutLine: {'line': b"writing list of installed files to '/home/amyk/Dropbox/UW-Madison/ME468/ME468-3439/assignments/a07/build/py_pubsub/install.log'\n"}
[4.964605] (py_pubsub) CommandEnded: {'returncode': 0}
[4.992807] (-) TimerEvent: {}
[5.095515] (-) TimerEvent: {}
[5.198987] (-) TimerEvent: {}
[5.269504] (py_pubsub) JobEnded: {'identifier': 'py_pubsub', 'rc': 0}
[5.297963] (-) EventReactorShutdown: {}
